2025-05-08 19:36:15,936 INFO     [FlashTop]    init
2025-05-08 19:36:15,943 [Process-16456] INFO     [FlashTop]    do_main: cmd loadpara
2025-05-08 19:36:15,943 [Process-16456] INFO     [Para]    exe path: C:\Users\labin\workspace\hana\HTNB32L-XXX-SDK\Firmware\HTNB32L-XXX-SDK\Debug
2025-05-08 19:36:15,946 [Process-16456] INFO     [Para]    update digest file :C:\Users\labin\workspace\hana\HTNB32L-XXX-SDK\Firmware\HTNB32L-XXX-SDK\Debug\cfg.digest, digest:b'\x73\x8f\x87\xb5\x2d\x73\x71\xe9\xa4\xde\x1e\xc3\x73\x80\x2e\xad\x7c\xd8\x7b\x18\x6c\x1b\xef\xb3\xe0\x44\xeb\xef\x42\x30\xd4\xdb' 
2025-05-08 19:36:15,946 [Process-16456] INFO     [Para]    LoadPara from cfgfile(C:\Users\labin\workspace\hana\HTNB32L-XXX-SDK\Firmware\HTNB32L-XXX-SDK\Debug\htnb32l.ini) 
2025-05-08 19:36:15,947 [Process-16456] WARNING  [Para]    Load para curdigest b'\x73\x8f\x87\xb5\x2d\x73\x71\xe9\xa4\xde\x1e\xc3\x73\x80\x2e\xad\x7c\xd8\x7b\x18\x6c\x1b\xef\xb3\xe0\x44\xeb\xef\x42\x30\xd4\xdb'
2025-05-08 19:36:15,947 [Process-16456] INFO     [FlashTop]    Load para sync success
2025-05-08 19:36:15,948 [Process-16456] INFO     [FlashToolCLI]    Burnbatch Start, burn imglist ['bootloader', 'system'].
2025-05-08 19:36:15,948 [Process-16456] INFO     [FlashTop]    do_main: cmd burnag, Thread0[16376]
2025-05-08 19:36:15,948 [Process-16456] INFO     [Thread0]    ProcessStart[16376]
2025-05-08 19:36:17,075 [Process-16456] INFO     [Thread0]    ResetBoard(Normal Mod) finish
2025-05-08 19:36:17,082 [Process-16456] INFO     [Thread0]    args.ser.port :COM3
2025-05-08 19:36:17,183 [Process-16456] INFO     [Image]    SetBaud 921600
2025-05-08 19:36:17,184 [Process-16456] INFO     [Thread0]    TryDownload C:\Users\labin\workspace\hana\HTNB32L-XXX-SDK\Firmware\HTNB32L-XXX-SDK\Debug\agentboot.bin start
2025-05-08 19:36:17,184 [Process-16456] INFO     [Thread0]    image size=28568, hdsize=272
2025-05-08 19:36:17,185 [Process-16456] INFO     [Thread0]    Preamble Send
2025-05-08 19:36:17,245 [Process-16456] INFO     [Thread0]    Preamble Received Rsp
2025-05-08 19:36:17,320 [Process-16456] INFO     [Thread0]    Preamble Send
2025-05-08 19:36:17,437 [Process-16456] INFO     [Thread0]    Preamble Received Rsp
2025-05-08 19:36:20,250 [Process-16456] INFO     [Thread0]    TryDownload agentboot success
2025-05-08 19:36:20,267 [Process-16456] INFO     [Thread0]    agbaud: 921600
2025-05-08 19:36:20,372 [Process-16456] INFO     [Thread0]    Burn OK!
2025-05-08 19:36:20,373 [Process-16456] INFO     [Thread0]    ProcessEnd[16376]
2025-05-08 19:36:20,373 [Process-16456] INFO     [FlashTop]    do_main: cmd burnone, Thread0[16376]
2025-05-08 19:36:20,374 [Process-16456] INFO     [Thread0]    ProcessStart[16376]
2025-05-08 19:36:20,374 [Process-16456] INFO     [Thread0]    args.ser.port :COM3
2025-05-08 19:36:20,473 [Process-16456] INFO     [Thread0]    agentboot is downloaded already
2025-05-08 19:36:20,473 [Process-16456] INFO     [Thread0]    TryDownload agentboot skip
2025-05-08 19:36:20,482 [Process-16456] INFO     [Thread0]    agbaud: 921600
2025-05-08 19:36:20,581 [Process-16456] INFO     [Thread0]    LPC Preamble Send
2025-05-08 19:36:20,639 [Process-16456] INFO     [Thread0]    LPC Preamble Received Rsp
2025-05-08 19:36:20,667 [Process-16456] INFO     [Thread0]    LPCSetSyncStat(1)
2025-05-08 19:36:20,668 [Process-16456] INFO     [Thread0]    LPCSyncDetect: success
2025-05-08 19:36:20,668 [Process-16456] INFO     [Thread0]    DownloadBurnOne imgtype(bootloader)
2025-05-08 19:36:20,668 [Process-16456] INFO     [Thread0]    DownloadBurnOne imgtype(bootloader), burnaddr(0x0), imgid(0x4f424d49)
2025-05-08 19:36:20,669 [Process-16456] INFO     [Thread0]    DownloadBurnOne file C:\Users\labin\workspace\hana\HTNB32L-XXX-SDK\Firmware\HTNB32L-XXX-SDK\Debug\bootloader.bin 
2025-05-08 19:36:20,670 [Process-16456] INFO     [Thread0]    TryDownload C:\Users\labin\workspace\hana\HTNB32L-XXX-SDK\Firmware\HTNB32L-XXX-SDK\Debug\bootloader.bin start
2025-05-08 19:36:20,670 [Process-16456] INFO     [Thread0]    LPCBurnOneTrig start       			******
2025-05-08 19:36:20,675 [Process-16456] INFO     [Thread0]    LPCBurnOneTrig success
2025-05-08 19:36:20,676 [Process-16456] INFO     [Thread0]    DLDPreSync Preamble Send
2025-05-08 19:36:21,238 [Process-16456] INFO     [Thread0]    DLDPreSync Preamble Received Rsp
2025-05-08 19:36:21,269 [Process-16456] INFO     [Thread0]    image size=29248, hdsize=272
2025-05-08 19:36:21,269 [Process-16456] INFO     [Thread0]    
2025-05-08 19:36:21,269 [Process-16456] INFO     [Thread0]    imginfo.size=29248, RemainLen=29248, Offset=0
2025-05-08 19:36:21,269 [Process-16456] INFO     [Thread0]    {bootloader.bin-percent files transferred   0%}
2025-05-08 19:36:21,270 [Process-16456] INFO     [Thread0]    
2025-05-08 19:36:21,270 [Process-16456] INFO     [Thread0]    Preamble Send
2025-05-08 19:36:21,329 [Process-16456] INFO     [Thread0]    Preamble Received Rsp
2025-05-08 19:36:21,376 [Process-16456] INFO     [Thread0]    imginfo.size=29248, RemainLen=28976, Offset=272
2025-05-08 19:36:21,377 [Process-16456] INFO     [Thread0]    {bootloader.bin-percent files transferred   0%}
2025-05-08 19:36:21,377 [Process-16456] INFO     [Thread0]    
2025-05-08 19:36:21,377 [Process-16456] INFO     [Thread0]    Preamble Send
2025-05-08 19:36:21,895 [Process-16456] INFO     [Thread0]    Preamble Received Rsp
2025-05-08 19:36:22,406 [Process-16456] INFO     [Thread0]    imginfo.size=29248, RemainLen=0, Offset=272
2025-05-08 19:36:22,406 [Process-16456] INFO     [Thread0]    {bootloader.bin-percent files transferred   100%}
2025-05-08 19:36:22,407 [Process-16456] INFO     [Thread0]    
2025-05-08 19:36:22,412 [Process-16456] INFO     [Thread0]    TryDownload success
2025-05-08 19:36:22,418 [Process-16456] INFO     [Thread0]    Burn OK!
2025-05-08 19:36:22,418 [Process-16456] INFO     [Thread0]    ProcessEnd[16376]
2025-05-08 19:36:22,419 [Process-16456] INFO     [FlashTop]    do_main: cmd burnone, Thread0[16376]
2025-05-08 19:36:22,419 [Process-16456] INFO     [Thread0]    ProcessStart[16376]
2025-05-08 19:36:22,419 [Process-16456] INFO     [Thread0]    args.ser.port :COM3
2025-05-08 19:36:22,518 [Process-16456] INFO     [Thread0]    agentboot is downloaded already
2025-05-08 19:36:22,518 [Process-16456] INFO     [Thread0]    TryDownload agentboot skip
2025-05-08 19:36:22,528 [Process-16456] INFO     [Thread0]    agbaud: 921600
2025-05-08 19:36:22,626 [Process-16456] INFO     [Thread0]    LPC Preamble Send
2025-05-08 19:36:22,688 [Process-16456] INFO     [Thread0]    LPC Preamble Received Rsp
2025-05-08 19:36:22,717 [Process-16456] INFO     [Thread0]    LPCSyncDetect: success
2025-05-08 19:36:22,718 [Process-16456] INFO     [Thread0]    DownloadBurnOne imgtype(system)
2025-05-08 19:36:22,718 [Process-16456] INFO     [Thread0]    DownloadBurnOne imgtype(system), burnaddr(0x0), imgid(0x444b4249)
2025-05-08 19:36:22,718 [Process-16456] INFO     [Thread0]    DownloadBurnOne file C:\Users\labin\workspace\hana\HTNB32L-XXX-SDK\Firmware\HTNB32L-XXX-SDK\Debug\../Build/Driver_Example/HTNB32L-XXX-Driver_Example.bin 
2025-05-08 19:36:22,720 [Process-16456] INFO     [Thread0]    TryDownload C:\Users\labin\workspace\hana\HTNB32L-XXX-SDK\Firmware\HTNB32L-XXX-SDK\Debug\../Build/Driver_Example/HTNB32L-XXX-Driver_Example.bin start
2025-05-08 19:36:22,720 [Process-16456] INFO     [Thread0]    LPCBurnOneTrig start       			******
2025-05-08 19:36:22,725 [Process-16456] INFO     [Thread0]    LPCBurnOneTrig success
2025-05-08 19:36:22,726 [Process-16456] INFO     [Thread0]    DLDPreSync Preamble Send
2025-05-08 19:36:23,284 [Process-16456] INFO     [Thread0]    DLDPreSync Preamble Received Rsp
2025-05-08 19:36:23,315 [Process-16456] INFO     [Thread0]    image size=41944, hdsize=272
2025-05-08 19:36:23,315 [Process-16456] INFO     [Thread0]    
2025-05-08 19:36:23,315 [Process-16456] INFO     [Thread0]    imginfo.size=41944, RemainLen=41944, Offset=0
2025-05-08 19:36:23,316 [Process-16456] INFO     [Thread0]    {HTNB32L-XXX-Driver_Example.bin-percent files transferred   0%}
2025-05-08 19:36:23,316 [Process-16456] INFO     [Thread0]    
2025-05-08 19:36:23,316 [Process-16456] INFO     [Thread0]    Preamble Send
2025-05-08 19:36:23,376 [Process-16456] INFO     [Thread0]    Preamble Received Rsp
2025-05-08 19:36:23,424 [Process-16456] INFO     [Thread0]    imginfo.size=41944, RemainLen=41672, Offset=272
2025-05-08 19:36:23,432 [Process-16456] INFO     [Thread0]    {HTNB32L-XXX-Driver_Example.bin-percent files transferred   0%}
2025-05-08 19:36:23,433 [Process-16456] INFO     [Thread0]    
2025-05-08 19:36:23,433 [Process-16456] INFO     [Thread0]    Preamble Send
2025-05-08 19:36:23,857 [Process-16456] INFO     [Thread0]    Preamble Received Rsp
2025-05-08 19:36:24,518 [Process-16456] INFO     [Thread0]    imginfo.size=41944, RemainLen=0, Offset=272
2025-05-08 19:36:24,518 [Process-16456] INFO     [Thread0]    {HTNB32L-XXX-Driver_Example.bin-percent files transferred   100%}
2025-05-08 19:36:24,518 [Process-16456] INFO     [Thread0]    
2025-05-08 19:36:24,529 [Process-16456] INFO     [Thread0]    TryDownload success
2025-05-08 19:36:24,538 [Process-16456] INFO     [Thread0]    Burn OK!
2025-05-08 19:36:24,538 [Process-16456] INFO     [Thread0]    ProcessEnd[16376]
2025-05-08 19:36:24,538 [Process-16456] INFO     [FlashToolCLI]    Burnbatch OK, imglist ['bootloader', 'system']
